c:\users\user\documents\visual studio 2013\projects\projectfour\projectfour\debug\vc120.pdb
c:\users\user\documents\visual studio 2013\projects\projectfour\projectfour\debug\vc120.idb
c:\users\user\documents\visual studio 2013\projects\projectfour\projectfour\debug\projectfour.obj
c:\cosc-2425 information\projectfour\projectfour\projectfour\debug\vc141.pdb
c:\cosc-2425 information\projectfour\projectfour\projectfour\debug\vc141.idb
c:\cosc-2425 information\projectfour\projectfour\projectfour\debug\projectfour.obj
c:\users\user\documents\visual studio 2013\projects\projectfour\debug\projectfour.ilk
c:\users\user\documents\visual studio 2013\projects\projectfour\debug\projectfour.exe
c:\users\user\documents\visual studio 2013\projects\projectfour\debug\projectfour.pdb
c:\cosc-2425 information\projectfour\projectfour\debug\projectfour.ilk
c:\cosc-2425 information\projectfour\projectfour\debug\projectfour.exe
c:\cosc-2425 information\projectfour\projectfour\debug\projectfour.pdb
c:\cosc-2425 information\projectfour\projectfour\projectfour\debug\vc120.idb
c:\cosc-2425 information\projectfour\projectfour\projectfour\debug\vc120.pdb
c:\cosc-2425 information\projectfour\projectfour\projectfour\debug\projectfour.tlog\cl.command.1.tlog
c:\cosc-2425 information\projectfour\projectfour\projectfour\debug\projectfour.tlog\cl.read.1.tlog
c:\cosc-2425 information\projectfour\projectfour\projectfour\debug\projectfour.tlog\cl.write.1.tlog
c:\cosc-2425 information\projectfour\projectfour\projectfour\debug\projectfour.tlog\link.command.1.tlog
c:\cosc-2425 information\projectfour\projectfour\projectfour\debug\projectfour.tlog\link.delete.1.tlog
c:\cosc-2425 information\projectfour\projectfour\projectfour\debug\projectfour.tlog\link.read.1.tlog
c:\cosc-2425 information\projectfour\projectfour\projectfour\debug\projectfour.tlog\link.write.1.tlog
